<?xml version="1.0" encoding="UTF-8"?>
<!-- Generated by org.testng.reporters.JUnitXMLReporter -->
<testsuite ignored="3" hostname="LAPTOP-1826LOER" failures="0" tests="1" name="Default test" time="12.571" errors="0" timestamp="2023-04-13T07:08:52 IST">
  <testcase classname="com.acti.testcase.LoginPageTest" name="testLoginPageTitle" time="0.026"/>
  <testcase classname="com.acti.testcase.LoginPageTest" name="testLoginFunction" time="0.0">
    <ignored/>
  </testcase> <!-- testLoginFunction -->
  <testcase classname="com.acti.testcase.LoginPageTest" name="testActiLinkDisplayed" time="0.0">
    <ignored/>
  </testcase> <!-- testActiLinkDisplayed -->
  <testcase classname="com.acti.testcase.LoginPageTest" name="testActiLogoDisplayed" time="0.0">
    <ignored/>
  </testcase> <!-- testActiLogoDisplayed -->
</testsuite> <!-- Default test -->
