<?xml version="1.0" encoding="UTF-8"?>
<testng-results ignored="3" total="4" passed="1" failed="0" skipped="0">
  <reporter-output>
  </reporter-output>
  <suite started-at="2023-04-13T07:08:39 IST" name="Default suite" finished-at="2023-04-13T07:08:52 IST" duration-ms="12571">
    <groups>
    </groups>
    <test started-at="2023-04-13T07:08:39 IST" name="Default test" finished-at="2023-04-13T07:08:52 IST" duration-ms="12571">
      <class name="com.acti.testcase.LoginPageTest">
        <test-method is-config="true" signature="preTest()[pri:0, instance:com.acti.testcase.LoginPageTest@4686afc2]" started-at="2023-04-13T07:08:39 IST" name="preTest" finished-at="2023-04-13T07:08:51 IST" duration-ms="12229" status="PASS">
          <reporter-output>
          </reporter-output>
        </test-method> <!-- preTest -->
        <test-method signature="testLoginPageTitle()[pri:1, instance:com.acti.testcase.LoginPageTest@4686afc2]" started-at="2023-04-13T07:08:51 IST" name="testLoginPageTitle" finished-at="2023-04-13T07:08:51 IST" duration-ms="26" status="PASS">
          <reporter-output>
          </reporter-output>
        </test-method> <!-- testLoginPageTitle -->
        <test-method is-config="true" signature="tearDown()[pri:0, instance:com.acti.testcase.LoginPageTest@4686afc2]" started-at="2023-04-13T07:08:51 IST" name="tearDown" finished-at="2023-04-13T07:08:52 IST" duration-ms="227" status="PASS">
          <reporter-output>
          </reporter-output>
        </test-method> <!-- tearDown -->
      </class> <!-- com.acti.testcase.LoginPageTest -->
    </test> <!-- Default test -->
  </suite> <!-- Default suite -->
</testng-results>
